User belongs to experiment group 'ShowPlayIcon - start'
User belongs to experiment group 'ShowExtensionSurveyPrompt - control'
User belongs to experiment group 'LS - control'
User belongs to experiment group 'UseTerminalToGetActivatedEnvVars - control'
User belongs to experiment group 'LocalZMQKernel - control'
User belongs to experiment group 'CollectLSRequestTiming - control'
User belongs to experiment group 'CollectNodeLSRequestTiming - experiment'
User belongs to experiment group 'EnableIPyWidgets - experiment'
User belongs to experiment group 'RunByLine - control'
User belongs to experiment group 'CustomEditorSupport - control'
> conda --version
> pyenv root
> python3.7 ~/.vscode-oss/extensions/ms-python.python-2020.6.89148/pythonFiles/pyvsc-run-isolated.py -c "import sys;print(sys.executable)"
> python3.6 ~/.vscode-oss/extensions/ms-python.python-2020.6.89148/pythonFiles/pyvsc-run-isolated.py -c "import sys;print(sys.executable)"
> python3 ~/.vscode-oss/extensions/ms-python.python-2020.6.89148/pythonFiles/pyvsc-run-isolated.py -c "import sys;print(sys.executable)"
> python2 ~/.vscode-oss/extensions/ms-python.python-2020.6.89148/pythonFiles/pyvsc-run-isolated.py -c "import sys;print(sys.executable)"
> python ~/.vscode-oss/extensions/ms-python.python-2020.6.89148/pythonFiles/pyvsc-run-isolated.py -c "import sys;print(sys.executable)"
> ~/.local/share/virtualenvs/ocr_server-ldMKCzQZ/bin/python ~/.vscode-oss/extensions/ms-python.python-2020.6.89148/pythonFiles/pyvsc-run-isolated.py -c "import sys;print(sys.executable)"
> conda info --json
> /usr/bin/python ~/.vscode-oss/extensions/ms-python.python-2020.6.89148/pythonFiles/pyvsc-run-isolated.py -c "import jupyter"
> /usr/bin/python ~/.vscode-oss/extensions/ms-python.python-2020.6.89148/pythonFiles/pyvsc-run-isolated.py -c "import jupyter"
> /usr/bin/python ~/.vscode-oss/extensions/ms-python.python-2020.6.89148/pythonFiles/pyvsc-run-isolated.py -c "import notebook"
> /usr/bin/python ~/.vscode-oss/extensions/ms-python.python-2020.6.89148/pythonFiles/pyvsc-run-isolated.py -c "import notebook"
> /usr/bin/python ~/.vscode-oss/extensions/ms-python.python-2020.6.89148/pythonFiles/pyvsc-run-isolated.py jupyter kernelspec --version
> /usr/bin/python ~/.vscode-oss/extensions/ms-python.python-2020.6.89148/pythonFiles/pyvsc-run-isolated.py jupyter kernelspec --version
Starting Microsoft Python language server.
Python interpreter path: ~/.local/share/virtualenvs/ocr_server-ldMKCzQZ/bin/python
> conda --version
> pipenv --version
cwd: ~/ocr_server
> /usr/bin/python ~/.vscode-oss/extensions/ms-python.python-2020.6.89148/pythonFiles/pyvsc-run-isolated.py pip --version
> pipenv --venv
cwd: ~/ocr_server
Starting Microsoft Python language server.
Python interpreter path: /usr/bin/python
> pipenv --py
cwd: ~/ocr_server
> /usr/sbin/python ~/.vscode-oss/extensions/ms-python.python-2020.6.89148/pythonFiles/pyvsc-run-isolated.py pip --version
Python interpreter path: /usr/sbin/python
Starting Microsoft Python language server.
> ~/.local/share/virtualenvs/ocr_server-ldMKCzQZ/bin/python ~/.vscode-oss/extensions/ms-python.python-2020.6.89148/pythonFiles/pyvsc-run-isolated.py pip --version
Starting Microsoft Python language server.
Python interpreter path: ~/.local/share/virtualenvs/ocr_server-ldMKCzQZ/bin/python
